C251 COMPILER V5.60.0,  SEEKFREE_IMU660RA                                                  15/07/24  23:30:46  PAGE 1   


C251 COMPILER V5.60.0, COMPILATION OF MODULE SEEKFREE_IMU660RA
OBJECT MODULE PLACED IN .\Out_File\SEEKFREE_IMU660RA.obj
COMPILER INVOKED BY: D:\c51-keil\C251\BIN\C251.EXE ..\..\Libraries\seekfree_peripheral\SEEKFREE_IMU660RA.c XSMALL WARNIN
                    -GLEVEL(3) OPTIMIZE(0,SPEED) BROWSE INCDIR(..\..\Libraries\libraries;..\..\Libraries\seekfree_libraries;..\..\Libraries\s
                    -eekfree_peripheral;..\CODE;..\USER\inc;..\USER\src;..\..\Libraries\seekfree_components;.\Out_File) DEBUG PRINT(.\Out_Fil
                    -e\SEEKFREE_IMU660RA.lst) TABS(2) OBJECT(.\Out_File\SEEKFREE_IMU660RA.obj) 

stmt  level    source

    1          /********************************************************************************************************
             -*************
    2           * COPYRIGHT NOTICE
    3           * Copyright (c) 2018,é€é£ç§‘æŠ€
    4           * All rights reserved.
    5           * æŠ€æœ¯è®¨è®ºQQç¾¤ï¼šä¸€ç¾¤ï¼š179029047(å·²æ»¡)  äºŒç¾¤ï¼š244861897
    6           *
    7           * ä»¥ä¸‹æ‰€æœ‰å†…å®¹ç‰ˆæƒå‡å±é€é£ç§‘æŠ€æ‰€æœ‰ï¼Œæœªç»å…è®¸ä¸å¾—ç”¨äºå•†ä¸šç”¨é€”ï¼Œ
    8           * æ¬¢è¿å„ä½ä½¿ç”¨å¹¶ä¼ æ’­æœ¬ç¨‹åºï¼Œä¿®æ”¹å†…å®¹æ—¶å¿…é¡»ä¿ç•™é€é£ç§‘æŠ€çš„ç‰ˆæƒå£°æ˜ã€‚
    9           *
   10           * @file          IMU660RA
   11           * @company       æˆéƒ½é€é£ç§‘æŠ€æœ‰é™å…¬å¸
   12           * @author        é€é£ç§‘æŠ€(QQ3184284598)
   13           * @version       æŸ¥çœ‹docå†…versionæ–‡ä»¶ ç‰ˆæœ¬è¯´æ˜
   14           * @Software    MDK FOR C251 V5.60
   15           * @Target core   STC32F12K
   16           * @Taobao      https://seekfree.taobao.com/
   17           * @date          2019-04-30
   18           * @note    
   19           * æ¥çº¿å®šä¹‰ï¼š
   20           *                   ------------------------------------
   21           *                   æ¨¡å—ç®¡è„š            å•ç‰‡æœºç®¡è„š
   22           *                   // ç¡¬ä»¶ SPI å¼•è„š
   23           *                   SCL/SPC           æŸ¥çœ‹ SEEKFREE_IMU660RA.h ä¸­ IMU660RA_SPC_PIN å®å®šä¹‰
   24           *                   SDA/DSI           æŸ¥çœ‹ SEEKFREE_IMU660RA.h ä¸­ IMU660RA_SDI_PIN å®å®šä¹‰
   25           *                   SA0/SDO           æŸ¥çœ‹ SEEKFREE_IMU660RA.h ä¸­ IMU660RA_SDO_PIN å®å®šä¹‰
   26           *                   CS                æŸ¥çœ‹ SEEKFREE_IMU660RA.h ä¸­ IMU660RA_CS_PIN å®å®šä¹‰
   27           *                   VCC               3.3Vç”µæº
   28           *                   GND               ç”µæºåœ°
   29           *                   å…¶ä½™å¼•è„šæ‚¬ç©º
   30           *
   31           *                   // è½¯ä»¶ IIC å¼•è„š
   32           *                   SCL/SPC           æŸ¥çœ‹ SEEKFREE_IMU660RA.h ä¸­ IMU660RA_SCL_PIN å®å®šä¹‰
   33           *                   SDA/DSI           æŸ¥çœ‹ SEEKFREE_IMU660RA.h ä¸­ IMU660RA_SDA_PIN å®å®šä¹‰
   34           *                   VCC               3.3Vç”µæº
   35           *                   GND               ç”µæºåœ°
   36           *                   å…¶ä½™å¼•è„šæ‚¬ç©º
   37           *                   ------------------------------------
   38          *********************************************************************************************************
             -***********/
   39          
   40          #include "SEEKFREE_IMU660RA.h"
   41          
   42          #include "SEEKFREE_CONFIG.h"
   43          
   44          #include "zf_delay.h"
   45          #include "zf_spi.h"
   46          
   47          
   48          #pragma warning disable = 177
   49          #pragma warning disable = 183
   50          
   51          
   52          
   53          int16 imu660ra_gyro_x = 0, imu660ra_gyro_y = 0, imu660ra_gyro_z = 0;            // ä¸‰è½´é™€èºä»ªæ•°æ® 
             -  gyro (é™€èºä»ª)
C251 COMPILER V5.60.0,  SEEKFREE_IMU660RA                                                  15/07/24  23:30:46  PAGE 2   

   54          int16 imu660ra_acc_x = 0, imu660ra_acc_y = 0, imu660ra_acc_z = 0;               // ä¸‰è½´åŠ é€Ÿåº¦è®¡æ•°æ
             -® acc  (accelerometer åŠ é€Ÿåº¦è®¡)
   55          
   56          #if IMU660RA_USE_SOFT_IIC
               
               #define GET_IMU660RA_SDA          IMU660RA_SDA_PIN
               #define IMU660RA_SCL_LOW()            IMU660RA_SCL_PIN = 0    //IOå£è¾“å‡ºä½ç”µå¹³
               #define IMU660RA_SCL_HIGH()           IMU660RA_SCL_PIN = 1    //IOå£è¾“å‡ºé«˜ç”µå¹³
               #define IMU660RA_SDA_LOW()            IMU660RA_SDA_PIN = 0    //IOå£è¾“å‡ºä½ç”µå¹³
               #define IMU660RA_SDA_HIGH()           IMU660RA_SDA_PIN = 1    //IOå£è¾“å‡ºé«˜ç”µå¹³
               
               
               #define ack 1      //ä¸»åº”ç­”
               #define no_ack 0   //ä»åº”ç­”  
               
               //-------------------------------------------------------------------------------------------------------
             -------------
               //  @brief      æ¨¡æ‹ŸIICå»¶æ—¶
               //  @return     void            
               //  @since      v1.0
               //  Sample usage:       å¦‚æœIICé€šè®¯å¤±è´¥å¯ä»¥å°è¯•å¢åŠ jçš„å€¼
               //-------------------------------------------------------------------------------------------------------
             -------------
               static void imu660ra_simiic_delay(void)
               {
                   uint16 j=IMU660RA_SOFT_IIC_DELAY;   
                 while(j--);
               }
               
               //å†…éƒ¨ä½¿ç”¨ï¼Œç”¨æˆ·æ— éœ€è°ƒç”¨
               static void imu660ra_simiic_start(void)
               {
                 IMU660RA_SDA_HIGH();
                 IMU660RA_SCL_HIGH();
                 imu660ra_simiic_delay();
                 IMU660RA_SDA_LOW();
                 imu660ra_simiic_delay();
                 IMU660RA_SCL_LOW();
               }
               
               //å†…éƒ¨ä½¿ç”¨ï¼Œç”¨æˆ·æ— éœ€è°ƒç”¨
               static void imu660ra_simiic_stop(void)
               {
                 IMU660RA_SDA_LOW();
                 IMU660RA_SCL_LOW();
                 imu660ra_simiic_delay();
                 IMU660RA_SCL_HIGH();
                 imu660ra_simiic_delay();
                 IMU660RA_SDA_HIGH();
                 imu660ra_simiic_delay();
               }
               
               //ä¸»åº”ç­”(åŒ…å«ack:SDA=0å’Œno_ack:SDA=0)
               //å†…éƒ¨ä½¿ç”¨ï¼Œç”¨æˆ·æ— éœ€è°ƒç”¨
               static void imu660ra_simiic_sendack(unsigned char ack_dat)
               {
                   IMU660RA_SCL_LOW();
                 imu660ra_simiic_delay();
                 if(ack_dat) IMU660RA_SDA_LOW();
                   else      IMU660RA_SDA_HIGH();
               
                   IMU660RA_SCL_HIGH();
                   imu660ra_simiic_delay();
                   IMU660RA_SCL_LOW();
                   imu660ra_simiic_delay();
               }
C251 COMPILER V5.60.0,  SEEKFREE_IMU660RA                                                  15/07/24  23:30:46  PAGE 3   

               
               
               static int imu660ra_sccb_waitack(void)
               {
                   IMU660RA_SCL_LOW();
               
                 imu660ra_simiic_delay();
                 
                 IMU660RA_SCL_HIGH();
                   imu660ra_simiic_delay();
                 
                   if(GET_IMU660RA_SDA)           //åº”ç­”ä¸ºé«˜ç”µå¹³ï¼Œå¼‚å¸¸ï¼Œé€šä¿¡å¤±è´¥
                   {
               
                       IMU660RA_SCL_LOW();
                       return 0;
                   }
               
                   IMU660RA_SCL_LOW();
                 imu660ra_simiic_delay();
                   return 1;
               }
               
               //å­—èŠ‚å‘é€ç¨‹åº
               //å‘é€c(å¯ä»¥æ˜¯æ•°æ®ä¹Ÿå¯æ˜¯åœ°å€)ï¼Œé€å®Œåæ¥æ”¶ä»åº”ç­”
               //ä¸è€ƒè™‘ä»åº”ç­”ä½
               //å†…éƒ¨ä½¿ç”¨ï¼Œç”¨æˆ·æ— éœ€è°ƒç”¨
               static void imu660ra_send_ch(uint8 c)
               {
                 uint8 i = 8;
                   while(i--)
                   {
                       if(c & 0x80)  IMU660RA_SDA_HIGH();//SDA è¾“å‡ºæ•°æ®
                       else      IMU660RA_SDA_LOW();
                       c <<= 1;
                       imu660ra_simiic_delay();
                       IMU660RA_SCL_HIGH();                //SCL æ‹‰é«˜ï¼Œé‡‡é›†ä¿¡å·
                       imu660ra_simiic_delay();
                       IMU660RA_SCL_LOW();                //SCL æ—¶é’Ÿçº¿æ‹‰ä½
                   }
                 imu660ra_sccb_waitack();
               }
               
               
               //å­—èŠ‚æ¥æ”¶ç¨‹åº
               //æ¥æ”¶å™¨ä»¶ä¼ æ¥çš„æ•°æ®ï¼Œæ­¤ç¨‹åºåº”é…åˆ|ä¸»åº”ç­”å‡½æ•°|ä½¿ç”¨
               //å†…éƒ¨ä½¿ç”¨ï¼Œç”¨æˆ·æ— éœ€è°ƒç”¨
               static uint8 imu660ra_read_ch(uint8 ack_x)
               {
                   uint8 i;
                   uint8 c;
                   c=0;
                   IMU660RA_SCL_LOW();
                   imu660ra_simiic_delay();
                   IMU660RA_SDA_HIGH();             
               
                   for(i=0;i<8;i++)
                   {
                       imu660ra_simiic_delay();
                       IMU660RA_SCL_LOW();         //ç½®æ—¶é’Ÿçº¿ä¸ºä½ï¼Œå‡†å¤‡æ¥æ”¶æ•°æ®ä½
                       imu660ra_simiic_delay();
                       IMU660RA_SCL_HIGH();         //ç½®æ—¶é’Ÿçº¿ä¸ºé«˜ï¼Œä½¿æ•°æ®çº¿ä¸Šæ•°æ®æœ‰æ•ˆ
                       imu660ra_simiic_delay();
                       c<<=1;
                       if(GET_IMU660RA_SDA) 
                       {
C251 COMPILER V5.60.0,  SEEKFREE_IMU660RA                                                  15/07/24  23:30:46  PAGE 4   

                           c+=1;   //è¯»æ•°æ®ä½ï¼Œå°†æ¥æ”¶çš„æ•°æ®å­˜c
                       }
                   }
               
                 IMU660RA_SCL_LOW();
                 imu660ra_simiic_delay();
                 imu660ra_simiic_sendack(ack_x);
                 
                   return c;
               }
               
               
               //-------------------------------------------------------------------------------------------------------
             -------------
               //  @brief      æ¨¡æ‹ŸIICå†™æ•°æ®åˆ°è®¾å¤‡å¯„å­˜å™¨å‡½æ•°
               //  @param      dev_add     è®¾å¤‡åœ°å€(ä½ä¸ƒä½åœ°å€)
               //  @param      reg       å¯„å­˜å™¨åœ°å€
               //  @param      dat       å†™å…¥çš„æ•°æ®
               //  @return     void            
               //  @since      v1.0
               //  Sample usage:       
               //-------------------------------------------------------------------------------------------------------
             -------------
               static void imu660ra_simiic_write_reg(uint8 dev_add, uint8 reg, uint8 dat)
               {
                 imu660ra_simiic_start();
                   imu660ra_send_ch( (dev_add<<1) | 0x00);   //å‘é€å™¨ä»¶åœ°å€åŠ å†™ä½
                 imu660ra_send_ch( reg );           //å‘é€ä»æœºå¯„å­˜å™¨åœ°å€
                 imu660ra_send_ch( dat );           //å‘é€éœ€è¦å†™å…¥çš„æ•°æ®
                 imu660ra_simiic_stop();
               }
               
               //-------------------------------------------------------------------------------------------------------
             -------------
               //  @brief      æ¨¡æ‹ŸIICå†™æ•°æ®åˆ°è®¾å¤‡å¯„å­˜å™¨å‡½æ•°
               //  @param      dev_add     è®¾å¤‡åœ°å€(ä½ä¸ƒä½åœ°å€)
               //  @param      reg       å¯„å­˜å™¨åœ°å€
               //  @param      dat       å†™å…¥çš„æ•°æ®
               //  @return     void            
               //  @since      v1.0
               //  Sample usage:       
               //-------------------------------------------------------------------------------------------------------
             -------------
               static void imu660ra_simiic_write_regs(uint8 dev_add, uint8 reg, uint8 *dat, uint32 len)
               {
                 uint16 i = 0;
                 imu660ra_simiic_start();
                   imu660ra_send_ch( (dev_add<<1) | 0x00);   //å‘é€å™¨ä»¶åœ°å€åŠ å†™ä½
                 imu660ra_send_ch( reg );           //å‘é€ä»æœºå¯„å­˜å™¨åœ°å€
               
                 while(len--)
                 {
                   imu660ra_send_ch( *dat++ );            //å‘é€éœ€è¦å†™å…¥çš„æ•°æ®
                 }
               
                 
                 imu660ra_simiic_stop();
               }
               //-------------------------------------------------------------------------------------------------------
             -------------
               //  @brief      æ¨¡æ‹ŸIICä»è®¾å¤‡å¯„å­˜å™¨è¯»å–æ•°æ®
               //  @param      dev_add     è®¾å¤‡åœ°å€(ä½ä¸ƒä½åœ°å€)
               //  @param      reg       å¯„å­˜å™¨åœ°å€
               //  @param      type      é€‰æ‹©é€šä¿¡æ–¹å¼æ˜¯IIC  è¿˜æ˜¯ SCCB
               //  @return     uint8     è¿”å›å¯„å­˜å™¨çš„æ•°æ®      
               //  @since      v1.0
C251 COMPILER V5.60.0,  SEEKFREE_IMU660RA                                                  15/07/24  23:30:46  PAGE 5   

               //  Sample usage:       
               //-------------------------------------------------------------------------------------------------------
             -------------
               static uint8 imu660ra_simiic_read_reg(uint8 dev_add, uint8 reg)
               {
                 uint8 dat;
                 imu660ra_simiic_start();
                   imu660ra_send_ch( (dev_add<<1) | 0x00);  //å‘é€å™¨ä»¶åœ°å€åŠ å†™ä½
                 imu660ra_send_ch( reg );          //å‘é€ä»æœºå¯„å­˜å™¨åœ°å€
                 
                 imu660ra_simiic_start();
                 imu660ra_send_ch( (dev_add<<1) | 0x01);  //å‘é€å™¨ä»¶åœ°å€åŠ è¯»ä½
                 dat = imu660ra_read_ch(no_ack);           //è¯»å–æ•°æ®
                 imu660ra_simiic_stop();
                 
                 return dat;
               }
               
               //-------------------------------------------------------------------------------------------------------
             -------------
               //  @brief      æ¨¡æ‹ŸIICè¯»å–å¤šå­—èŠ‚æ•°æ®
               //  @param      dev_add     è®¾å¤‡åœ°å€(ä½ä¸ƒä½åœ°å€)
               //  @param      reg       å¯„å­˜å™¨åœ°å€
               //  @param      dat_add     æ•°æ®ä¿å­˜çš„åœ°å€æŒ‡é’ˆ
               //  @param      num       è¯»å–å­—èŠ‚æ•°é‡
               //  @param      type      é€‰æ‹©é€šä¿¡æ–¹å¼æ˜¯IIC  è¿˜æ˜¯ SCCB
               //  @return     uint8     è¿”å›å¯„å­˜å™¨çš„æ•°æ®      
               //  @since      v1.0
               //  Sample usage:       
               //-------------------------------------------------------------------------------------------------------
             -------------
               static void imu660ra_simiic_read_regs(uint8 dev_add, uint8 reg, uint8 *dat_add, uint32 num)
               {
                 imu660ra_simiic_start();
                   imu660ra_send_ch( (dev_add<<1) | 0x00);  //å‘é€å™¨ä»¶åœ°å€åŠ å†™ä½
                 imu660ra_send_ch( reg );          //å‘é€ä»æœºå¯„å­˜å™¨åœ°å€
                 
                 imu660ra_simiic_start();
                 imu660ra_send_ch( (dev_add<<1) | 0x01);  //å‘é€å™¨ä»¶åœ°å€åŠ è¯»ä½
                   while(--num)
                   {
                       *dat_add = imu660ra_read_ch(ack); //è¯»å–æ•°æ®
                       dat_add++;
                   }
                   *dat_add = imu660ra_read_ch(no_ack); //è¯»å–æ•°æ®
                 imu660ra_simiic_stop();
               }
               
               #define imu660ra_write_register(reg, dat)        (imu660ra_simiic_write_reg(IMU660RA_DEV_ADDR, (reg), (da
             -t)))
               #define imu660ra_write_registers(reg, dat, len)  (imu660ra_simiic_write_regs(IMU660RA_DEV_ADDR, (reg), (d
             -at), (len)))
               #define imu660ra_read_register(reg)              (imu660ra_simiic_read_reg(IMU660RA_DEV_ADDR, (reg)))
               #define imu660ra_read_registers(reg, dat, len)   (imu660ra_simiic_read_regs(IMU660RA_DEV_ADDR, (reg), (da
             -t), (len)))
               
               #else
  295          
  296          
  297          #define IMU660RA_SCK(x)       IMU660RA_SPC_PIN  = x
  298          #define IMU660RA_MOSI(x)      IMU660RA_SDI_PIN = x
  299          #define IMU660RA_CS(x)        IMU660RA_CS_PIN  = x
  300          #define IMU660RA_MISO         IMU660RA_SDO_PIN 
  301          
  302          
  303          //-------------------------------------------------------------------------------------------------------
C251 COMPILER V5.60.0,  SEEKFREE_IMU660RA                                                  15/07/24  23:30:46  PAGE 6   

             -------------
  304          //  @brief      é€šè¿‡SPIå†™ä¸€ä¸ªbyte,åŒæ—¶è¯»å–ä¸€ä¸ªbyte
  305          //  @param      byte        å‘é€çš„æ•°æ®    
  306          //  @return     uint8       return è¿”å›statusçŠ¶æ€
  307          //  @since      v1.0
  308          //  Sample usage:
  309          //-------------------------------------------------------------------------------------------------------
             -------------
  310          static uint8 imu660ra_simspi_wr_byte(uint8 byte)
  311          {
  312   1          uint8 i;
  313   1        
  314   1          for(i=0; i<8; i++)
  315   1          {
  316   2              IMU660RA_MOSI(byte&0x80);
  317   2              byte <<= 1;
  318   2          IMU660RA_SCK (0);
  319   2          IMU660RA_SCK (0);
  320   2          IMU660RA_SCK (1);
  321   2          IMU660RA_SCK (1);
  322   2          
  323   2          byte |= IMU660RA_MISO; 
  324   2          } 
  325   1          return(byte);                                         
  326   1      }
  327          //-------------------------------------------------------------------------------------------------------
             -------------
  328          //  @brief      å°†valå†™å…¥cmdå¯¹åº”çš„å¯„å­˜å™¨åœ°å€,åŒæ—¶è¿”å›statuså­—èŠ‚
  329          //  @param      cmd         å‘½ä»¤å­—
  330          //  @param      val         å¾…å†™å…¥å¯„å­˜å™¨çš„æ•°å€¼
  331          //  @since      v1.0
  332          //  Sample usage:
  333          //-------------------------------------------------------------------------------------------------------
             -------------
  334          static void imu660ra_simspi_w_reg_byte(uint8 cmd, uint8 val)
  335          {
  336   1          cmd |= IMU660RA_SPI_W;
  337   1          imu660ra_simspi_wr_byte(cmd);                       
  338   1          imu660ra_simspi_wr_byte(val);                                                                   
  339   1      }
  340          
  341          
  342          //-------------------------------------------------------------------------------------------------------
             -------------
  343          //  @brief      å°†valå†™å…¥cmdå¯¹åº”çš„å¯„å­˜å™¨åœ°å€
  344          //  @param      cmd         å‘½ä»¤å­—
  345          //  @param      val         å¾…å†™å…¥å¯„å­˜å™¨çš„æ•°å€¼
  346          //  @since      v1.0
  347          //  Sample usage:
  348          //-------------------------------------------------------------------------------------------------------
             -------------
  349          static void imu660ra_simspi_w_reg_bytes(uint8 cmd, uint8 *dat_addr, uint32 len)
  350          {
  351   1          cmd |= IMU660RA_SPI_W;
  352   1          imu660ra_simspi_wr_byte(cmd);   
  353   1        while(len--)
  354   1        {
  355   2          imu660ra_simspi_wr_byte(*dat_addr++);   
  356   2        }                                                                 
  357   1      }
  358          
  359          //-------------------------------------------------------------------------------------------------------
             -------------
  360          //  @brief      è¯»å–cmdæ‰€å¯¹åº”çš„å¯„å­˜å™¨åœ°å€
  361          //  @param      cmd         å‘½ä»¤å­—
  362          //  @param      *val        å­˜å‚¨è¯»å–çš„æ•°æ®åœ°å€
C251 COMPILER V5.60.0,  SEEKFREE_IMU660RA                                                  15/07/24  23:30:46  PAGE 7   

  363          //  @since      v1.0
  364          //  Sample usage:
  365          //-------------------------------------------------------------------------------------------------------
             -------------
  366          //static void imu660ra_simspi_r_reg_byte(uint8 cmd, uint8 *val)
  367          //{
  368          //    IMU660RA_CS(0);
  369          //    cmd |= IMU660RA_SPI_R;
  370          //    imu660ra_simspi_wr_byte(cmd);                                 
  371          //    *val = imu660ra_simspi_wr_byte(0);                            
  372          //    IMU660RA_CS(1);                                     
  373          //}
  374          
  375          //-------------------------------------------------------------------------------------------------------
             -------------
  376          //  @brief      è¯»å–cmdæ‰€å¯¹åº”çš„å¯„å­˜å™¨åœ°å€
  377          //  @param      cmd         å‘½ä»¤å­—
  378          //  @param      *val        å­˜å‚¨è¯»å–çš„æ•°æ®åœ°å€
  379          //  @param      num         è¯»å–çš„æ•°é‡
  380          //  @since      v1.0
  381          //  Sample usage:
  382          //-------------------------------------------------------------------------------------------------------
             -------------
  383          static void imu660ra_simspi_r_reg_bytes(uint8 cmd, uint8 *val, uint32 num)
  384          {
  385   1          cmd |= IMU660RA_SPI_R;
  386   1          imu660ra_simspi_wr_byte(cmd);
  387   1        
  388   1        while(num--)
  389   1        {
  390   2          *val++ = imu660ra_simspi_wr_byte(0);
  391   2        }
  392   1      }
  393          
  394          
  395          //-------------------------------------------------------------------------------------------------------
             -------------
  396          // å‡½æ•°ç®€ä»‹     IMU660RA å†™å¯„å­˜å™¨
  397          // å‚æ•°è¯´æ˜     reg             å¯„å­˜å™¨åœ°å€
  398          // å‚æ•°è¯´æ˜     dat            æ•°æ®
  399          // è¿”å›å‚æ•°     void
  400          // ä½¿ç”¨ç¤ºä¾‹     imu660ra_write_register(IMU660RA_PWR_CONF, 0x00);                   // å…³é—­é«˜çº§çœ
             -ç”µæ¨¡å¼
  401          // å¤‡æ³¨ä¿¡æ¯     å†…éƒ¨è°ƒç”¨
  402          //-------------------------------------------------------------------------------------------------------
             -------------
  403          static void imu660ra_write_register(uint8 reg, uint8 dat)
  404          {
  405   1          IMU660RA_CS(0);
  406   1          imu660ra_simspi_w_reg_byte(reg | IMU660RA_SPI_W, dat);
  407   1          IMU660RA_CS(1);
  408   1      }
  409          
  410          //-------------------------------------------------------------------------------------------------------
             -------------
  411          // å‡½æ•°ç®€ä»‹     IMU660RA å†™æ•°æ®
  412          // å‚æ•°è¯´æ˜     reg             å¯„å­˜å™¨åœ°å€
  413          // å‚æ•°è¯´æ˜     dat            æ•°æ®
  414          // è¿”å›å‚æ•°     void
  415          // ä½¿ç”¨ç¤ºä¾‹     imu660ra_write_registers(IMU660RA_INIT_dat, imu660ra_config_file, sizeof(imu660ra_con
             -fig_file));
  416          // å¤‡æ³¨ä¿¡æ¯     å†…éƒ¨è°ƒç”¨
  417          //-------------------------------------------------------------------------------------------------------
             -------------
  418          static void imu660ra_write_registers(uint8 reg, const uint8 *dat, uint32 len)
  419          {
C251 COMPILER V5.60.0,  SEEKFREE_IMU660RA                                                  15/07/24  23:30:46  PAGE 8   

  420   1          IMU660RA_CS(0);
  421   1      
  422   1          imu660ra_simspi_w_reg_bytes(reg | IMU660RA_SPI_W, dat, len);
  423   1          IMU660RA_CS(1);
  424   1      }
  425          
  426          //-------------------------------------------------------------------------------------------------------
             -------------
  427          // å‡½æ•°ç®€ä»‹     IMU660RA è¯»å¯„å­˜å™¨
  428          // å‚æ•°è¯´æ˜     reg             å¯„å­˜å™¨åœ°å€
  429          // è¿”å›å‚æ•°     uint8           æ•°æ®
  430          // ä½¿ç”¨ç¤ºä¾‹     imu660ra_read_register(IMU660RA_CHIP_ID);
  431          // å¤‡æ³¨ä¿¡æ¯     å†…éƒ¨è°ƒç”¨
  432          //-------------------------------------------------------------------------------------------------------
             -------------
  433          static uint8 imu660ra_read_register(uint8 reg)
  434          {
  435   1          uint8 dat[2];
  436   1          IMU660RA_CS(0);
  437   1          imu660ra_simspi_r_reg_bytes(reg | IMU660RA_SPI_R, dat, 2);
  438   1          IMU660RA_CS(1);
  439   1          return dat[1];
  440   1      }
  441          
  442          //-------------------------------------------------------------------------------------------------------
             -------------
  443          // å‡½æ•°ç®€ä»‹     IMU660RA è¯»æ•°æ®
  444          // å‚æ•°è¯´æ˜     reg             å¯„å­˜å™¨åœ°å€
  445          // å‚æ•°è¯´æ˜     dat            æ•°æ®ç¼“å†²åŒº
  446          // å‚æ•°è¯´æ˜     len             æ•°æ®é•¿åº¦
  447          // è¿”å›å‚æ•°     void
  448          // ä½¿ç”¨ç¤ºä¾‹     imu660ra_read_registers(IMU660RA_ACC_ADDRESS, dat, 6);
  449          // å¤‡æ³¨ä¿¡æ¯     å†…éƒ¨è°ƒç”¨
  450          //-------------------------------------------------------------------------------------------------------
             -------------
  451          static void imu660ra_read_registers(uint8 reg, uint8 *dat, uint32 len)
  452          {
  453   1          IMU660RA_CS(0);
  454   1          imu660ra_simspi_r_reg_bytes(reg | IMU660RA_SPI_R, dat, len);
  455   1        IMU660RA_CS(1);
  456   1      }
  457          #endif
  458          
  459          //-------------------------------------------------------------------------------------------------------
             -------------
  460          // å‡½æ•°ç®€ä»‹     IMU660RA è‡ªæ£€
  461          // å‚æ•°è¯´æ˜     void
  462          // è¿”å›å‚æ•°     uint8           1-è‡ªæ£€å¤±è´¥ 0-è‡ªæ£€æˆåŠŸ
  463          // ä½¿ç”¨ç¤ºä¾‹     imu660ra_self_check();
  464          // å¤‡æ³¨ä¿¡æ¯     å†…éƒ¨è°ƒç”¨
  465          //-------------------------------------------------------------------------------------------------------
             -------------
  466          static uint8 imu660ra_self_check (void)
  467          {
  468   1          uint8 dat = 0, return_state = 0;
  469   1          uint16 timeout_count = 0;
  470   1          do
  471   1          {
  472   2              if(timeout_count ++ > IMU660RA_TIMEOUT_COUNT)
  473   2              {
  474   3                  return_state =  1;
  475   3                  break;
  476   3              }
  477   2              dat = imu660ra_read_register(IMU660RA_CHIP_ID);
  478   2              delay_ms(1);
  479   2          }while(0x24 != dat);                                                        // è¯»å–è®¾å¤‡IDæ˜¯å¦ç­
C251 COMPILER V5.60.0,  SEEKFREE_IMU660RA                                                  15/07/24  23:30:46  PAGE 9   

             -‰äº0X24ï¼Œå¦‚æœä¸æ˜¯0X24åˆ™è®¤ä¸ºæ²¡æ£€æµ‹åˆ°è®¾å¤‡
  480   1          return return_state;
  481   1      }
  482          
  483          //-------------------------------------------------------------------------------------------------------
             -------------
  484          // å‡½æ•°ç®€ä»‹     è·å– IMU660RA åŠ é€Ÿåº¦è®¡æ•°æ®
  485          // å‚æ•°è¯´æ˜     void
  486          // è¿”å›å‚æ•°     void
  487          // ä½¿ç”¨ç¤ºä¾‹     imu660ra_get_acc();                                             // æ‰§è¡Œè¯¥å‡½æ•°å
             -ï¼Œç›´æ¥æŸ¥çœ‹å¯¹åº”çš„å˜é‡å³å¯
  488          // å¤‡æ³¨ä¿¡æ¯     ä½¿ç”¨ SPI çš„é‡‡é›†æ—¶é—´ä¸º69us
  489          //             ä½¿ç”¨ IIC çš„é‡‡é›†æ—¶é—´ä¸º126us        é‡‡é›†åŠ é€Ÿåº¦è®¡çš„æ—¶é—´ä¸é‡‡é›†é™€èºä»ªçš„
             -æ—¶é—´ä¸€è‡´çš„åŸå› æ˜¯éƒ½åªæ˜¯è¯»å–å¯„å­˜å™¨æ•°æ®
  490          //-------------------------------------------------------------------------------------------------------
             -------------
  491          void imu660ra_get_acc (void)
  492          {
  493   1      #if IMU660RA_USE_SOFT_IIC
                 uint8 dat[6];
                   imu660ra_read_registers(IMU660RA_ACC_ADDRESS, dat, 6);
                   imu660ra_acc_x = (int16)(((uint16)dat[1]<<8 | dat[0]));
                   imu660ra_acc_y = (int16)(((uint16)dat[3]<<8 | dat[2]));
                   imu660ra_acc_z = (int16)(((uint16)dat[5]<<8 | dat[4]));
               #else
  500   1        // SPIè¯»å–ç¬¬ä¸€ä¸ªåœ°å€ä¸ºç©º
  501   1        uint8 dat[7];
  502   1        imu660ra_read_registers(IMU660RA_ACC_ADDRESS, dat, 7);
  503   1          imu660ra_acc_x = (int16)(((uint16)dat[2]<<8 | dat[1]));
  504   1          imu660ra_acc_y = (int16)(((uint16)dat[4]<<8 | dat[3]));
  505   1          imu660ra_acc_z = (int16)(((uint16)dat[6]<<8 | dat[5]));
  506   1      #endif
  507   1      }
  508          //-------------------------------------------------------------------------------------------------------
             -------------
  509          // å‡½æ•°ç®€ä»‹     è·å– IMU660RA é™€èºä»ªæ•°æ®
  510          // å‚æ•°è¯´æ˜     void
  511          // è¿”å›å‚æ•°     void
  512          // ä½¿ç”¨ç¤ºä¾‹     imu660ra_get_gyro();                                            // æ‰§è¡Œè¯¥å‡½æ•°å
             -ï¼Œç›´æ¥æŸ¥çœ‹å¯¹åº”çš„å˜é‡å³å¯
  513          // å¤‡æ³¨ä¿¡æ¯     ä½¿ç”¨ SPI çš„é‡‡é›†æ—¶é—´ä¸º69us
  514          //             ä½¿ç”¨ IIC çš„é‡‡é›†æ—¶é—´ä¸º126us
  515          //-------------------------------------------------------------------------------------------------------
             -------------
  516          void imu660ra_get_gyro (void)
  517          {
  518   1      #if IMU660RA_USE_SOFT_IIC
                   uint8 dat[6];
                   imu660ra_read_registers(IMU660RA_GYRO_ADDRESS, dat, 6);
                   imu660ra_gyro_x = (int16)(((uint16)dat[1]<<8 | dat[0]));
                   imu660ra_gyro_y = (int16)(((uint16)dat[3]<<8 | dat[2]));
                   imu660ra_gyro_z = (int16)(((uint16)dat[5]<<8 | dat[4]));
               #else
  525   1        // SPIè¯»å–ç¬¬ä¸€ä¸ªåœ°å€ä¸ºç©º
  526   1        uint8 dat[7];
  527   1        imu660ra_read_registers(IMU660RA_GYRO_ADDRESS, dat, 7);
  528   1          imu660ra_gyro_x = (int16)(((uint16)dat[2]<<8 | dat[1]));
  529   1          imu660ra_gyro_y = (int16)(((uint16)dat[4]<<8 | dat[3]));
  530   1          imu660ra_gyro_z = (int16)(((uint16)dat[6]<<8 | dat[5]));
  531   1      #endif
  532   1      }
  533          
  534          //-------------------------------------------------------------------------------------------------------
             -------------
  535          // å‡½æ•°ç®€ä»‹     å°† IMU660RA åŠ é€Ÿåº¦è®¡æ•°æ®è½¬æ¢ä¸ºå®é™…ç‰©ç†æ•°æ®
  536          // å‚æ•°è¯´æ˜     gyro_value      ä»»æ„è½´çš„åŠ é€Ÿåº¦è®¡æ•°æ®
C251 COMPILER V5.60.0,  SEEKFREE_IMU660RA                                                  15/07/24  23:30:46  PAGE 10  

  537          // è¿”å›å‚æ•°     void
  538          // ä½¿ç”¨ç¤ºä¾‹     float dat = imu660ra_acc_transition(imu660ra_acc_x);           // å•ä½ä¸º g(m/s^2)
  539          // å¤‡æ³¨ä¿¡æ¯
  540          //-------------------------------------------------------------------------------------------------------
             -------------
  541          float imu660ra_acc_transition (int16 acc_value)
  542          {
  543   1          float acc_dat = 0;
  544   1          switch((uint8)IMU660RA_ACC_SAMPLE)
  545   1          {
  546   2              case 0x00: acc_dat = (float)acc_value / 16384; break;                  // 0x00 åŠ é€Ÿåº¦è®¡é‡ç¨‹
             -ä¸º:Â±2g     è·å–åˆ°çš„åŠ é€Ÿåº¦è®¡æ•°æ® é™¤ä»¥ 16384     å¯ä»¥è½¬åŒ–ä¸ºå¸¦ç‰©ç†å•ä½çš„æ•°æ® å•ä½ï¼šg(m/s^2)
  547   2              case 0x01: acc_dat = (float)acc_value / 8192; break;                   // 0x01 åŠ é€Ÿåº¦è®¡é‡ç¨‹
             -ä¸º:Â±4g     è·å–åˆ°çš„åŠ é€Ÿåº¦è®¡æ•°æ® é™¤ä»¥ 8192      å¯ä»¥è½¬åŒ–ä¸ºå¸¦ç‰©ç†å•ä½çš„æ•°æ® å•ä½ï¼šg(m/s^2)
  548   2              case 0x02: acc_dat = (float)acc_value / 4096; break;                   // 0x02 åŠ é€Ÿåº¦è®¡é‡ç¨‹
             -ä¸º:Â±8g     è·å–åˆ°çš„åŠ é€Ÿåº¦è®¡æ•°æ® é™¤ä»¥ 4096      å¯ä»¥è½¬åŒ–ä¸ºå¸¦ç‰©ç†å•ä½çš„æ•°æ® å•ä½ï¼šg(m/s^2)
  549   2              case 0x03: acc_dat = (float)acc_value / 2048; break;                   // 0x03 åŠ é€Ÿåº¦è®¡é‡ç¨‹
             -ä¸º:Â±16g    è·å–åˆ°çš„åŠ é€Ÿåº¦è®¡æ•°æ® é™¤ä»¥ 2048      å¯ä»¥è½¬åŒ–ä¸ºå¸¦ç‰©ç†å•ä½çš„æ•°æ® å•ä½ï¼šg(m/s^2)
  550   2              default: break;
  551   2          }
  552   1          return acc_dat;
  553   1      }
  554          
  555          //-------------------------------------------------------------------------------------------------------
             -------------
  556          // å‡½æ•°ç®€ä»‹     å°† IMU660RA é™€èºä»ªæ•°æ®è½¬æ¢ä¸ºå®é™…ç‰©ç†æ•°æ®
  557          // å‚æ•°è¯´æ˜     gyro_value      ä»»æ„è½´çš„é™€èºä»ªæ•°æ®
  558          // è¿”å›å‚æ•°     void
  559          // ä½¿ç”¨ç¤ºä¾‹     float dat = imu660ra_gyro_transition(imu660ra_gyro_x);         // å•ä½ä¸ºÂ°/s
  560          // å¤‡æ³¨ä¿¡æ¯
  561          //-------------------------------------------------------------------------------------------------------
             -------------
  562          float imu660ra_gyro_transition (int16 gyro_value)
  563          {
  564   1          float gyro_dat = 0;
  565   1          switch(IMU660RA_GYR_SAMPLE)
  566   1          {
  567   2              case 0x00: gyro_dat = (float)gyro_value / 16.4f;  break;               //  0x00 é™€èºä»ªé‡ç¨‹ä¸
             -º:Â±2000dps    è·å–åˆ°çš„é™€èºä»ªæ•°æ®é™¤ä»¥ 16.4    å¯ä»¥è½¬åŒ–ä¸ºå¸¦ç‰©ç†å•ä½çš„æ•°æ® å•ä½ä¸ºï¼šÂ°/s
  568   2              case 0x01: gyro_dat = (float)gyro_value / 32.8f;  break;               //  0x01 é™€èºä»ªé‡ç¨‹ä¸
             -º:Â±1000dps    è·å–åˆ°çš„é™€èºä»ªæ•°æ®é™¤ä»¥ 32.8    å¯ä»¥è½¬åŒ–ä¸ºå¸¦ç‰©ç†å•ä½çš„æ•°æ® å•ä½ä¸ºï¼šÂ°/s
  569   2              case 0x02: gyro_dat = (float)gyro_value / 65.6f;  break;               //  0x02 é™€èºä»ªé‡ç¨‹ä¸
             -º:Â±500 dps    è·å–åˆ°çš„é™€èºä»ªæ•°æ®é™¤ä»¥ 65.6    å¯ä»¥è½¬åŒ–ä¸ºå¸¦ç‰©ç†å•ä½çš„æ•°æ® å•ä½ä¸ºï¼šÂ°/s
  570   2              case 0x03: gyro_dat = (float)gyro_value / 131.2f; break;               //  0x03 é™€èºä»ªé‡ç¨‹ä¸
             -º:Â±250 dps    è·å–åˆ°çš„é™€èºä»ªæ•°æ®é™¤ä»¥ 131.2   å¯ä»¥è½¬åŒ–ä¸ºå¸¦ç‰©ç†å•ä½çš„æ•°æ® å•ä½ä¸ºï¼šÂ°/s
  571   2              case 0x04: gyro_dat = (float)gyro_value / 262.4f; break;               //  0x04 é™€èºä»ªé‡ç¨‹ä¸
             -º:Â±125 dps    è·å–åˆ°çš„é™€èºä»ªæ•°æ®é™¤ä»¥ 262.4   å¯ä»¥è½¬åŒ–ä¸ºå¸¦ç‰©ç†å•ä½çš„æ•°æ® å•ä½ä¸ºï¼šÂ°/s
  572   2              default: break;
  573   2          }
  574   1          return gyro_dat;
  575   1      }
  576          
  577          //-------------------------------------------------------------------------------------------------------
             -------------
  578          // å‡½æ•°ç®€ä»‹     åˆå§‹åŒ– IMU660RA
  579          // å‚æ•°è¯´æ˜     void
  580          // è¿”å›å‚æ•°     uint8           1-åˆå§‹åŒ–å¤±è´¥ 0-åˆå§‹åŒ–æˆåŠŸ
  581          // ä½¿ç”¨ç¤ºä¾‹     imu660ra_init();
  582          // å¤‡æ³¨ä¿¡æ¯
  583          //-------------------------------------------------------------------------------------------------------
             -------------
  584          uint8 imu660ra_init (void)
  585          {
  586   1          uint8 return_state = 0;
  587   1        
  588   1          delay_ms(20);                                                           // ç­‰å¾…è®¾å¤‡ä¸Šç”µæˆåŠŸ
C251 COMPILER V5.60.0,  SEEKFREE_IMU660RA                                                  15/07/24  23:30:46  PAGE 11  

  589   1      
  590   1      //#if IMU660RA_USE_SOFT_IIC 
  591   1      
  592   1      //#else
  593   1      //  imu660ra_read_register(IMU660RA_CHIP_ID);                                   // è¯»å–ä¸€ä¸‹è®¾å¤‡ID å°
             -†è®¾å¤‡è®¾ç½®ä¸ºSPIæ¨¡å¼
  594   1      //  imu660ra_read_register(IMU660RA_CHIP_ID);                                   // è¯»å–ä¸€ä¸‹è®¾å¤‡ID å°
             -†è®¾å¤‡è®¾ç½®ä¸ºSPIæ¨¡å¼
  595   1      //  imu660ra_read_register(IMU660RA_CHIP_ID);                                   // è¯»å–ä¸€ä¸‹è®¾å¤‡ID å°
             -†è®¾å¤‡è®¾ç½®ä¸ºSPIæ¨¡å¼
  596   1      
  597   1      //#endif
  598   1        
  599   1          do{
  600   2              if(imu660ra_self_check())                                               // IMU660RA è‡ªæ£€
  601   2              {
  602   3                  // å¦‚æœç¨‹åºåœ¨è¾“å‡ºäº†æ–­è¨€ä¿¡æ¯ å¹¶ä¸”æç¤ºå‡ºé”™ä½ç½®åœ¨è¿™é‡Œ
  603   3                  // é‚£ä¹ˆå°±æ˜¯ IMU660RA è‡ªæ£€å‡ºé”™å¹¶è¶…æ—¶é€€å‡ºäº†
  604   3                  // æ£€æŸ¥ä¸€ä¸‹æ¥çº¿æœ‰æ²¡æœ‰é—®é¢˜ å¦‚æœæ²¡é—®é¢˜å¯èƒ½å°±æ˜¯åäº†
  605   3            while(1)
  606   3            {
  607   4              printf("imu660ra self check error.\r\n");
  608   4              delay_ms(200);
  609   4            };
  610   3                  return_state = 1;
  611   3                  //break;
  612   3              }
  613   2      
  614   2              imu660ra_write_register(IMU660RA_PWR_CONF, 0x00);                       // å…³é—­é«˜çº§çœç”µæ¨¡å
             -¼
  615   2              delay_ms(10);
  616   2              imu660ra_write_register(IMU660RA_INIT_CTRL, 0x00);                      // å¼€å§‹å¯¹æ¨¡å—è¿›è¡Œå
             -ˆå§‹åŒ–é…ç½®
  617   2              imu660ra_write_registers(IMU660RA_INIT_DATA, imu660ra_config_file, sizeof(imu660ra_config_file));
             -   // è¾“å‡ºé…ç½®æ–‡ä»¶
  618   2              imu660ra_write_register(IMU660RA_INIT_CTRL, 0x01);                      // åˆå§‹åŒ–é…ç½®ç»“æŸ
  619   2              delay_ms(20);
  620   2              if(imu660ra_read_register(IMU660RA_INT_STA) != 1)                       // æ£€æŸ¥æ˜¯å¦é…ç½®å®Œæ
             -ˆ
  621   2              {
  622   3                  // å¦‚æœç¨‹åºåœ¨è¾“å‡ºäº†æ–­è¨€ä¿¡æ¯ å¹¶ä¸”æç¤ºå‡ºé”™ä½ç½®åœ¨è¿™é‡Œ
  623   3                  // é‚£ä¹ˆå°±æ˜¯ IMU660RA é…ç½®åˆå§‹åŒ–æ–‡ä»¶å‡ºé”™äº†
  624   3                  // æ£€æŸ¥IMU660RAåˆå§‹åŒ–ä¹‹å‰ï¼Œæ˜¯å¦æ‰“å¼€äº†å®šæ—¶å™¨ä¸­æ–­ï¼Œåœ¨å®šæ—¶å™¨ä¸­æ–­é‡Œé¢é
             -‡‡é›†äº†660RAçš„æ•°æ®
  625   3      //      while(1)
  626   3      //      {
  627   3              printf("imu660ra init error.\r\n");
  628   3      //        delay_ms(200);
  629   3      //      }
  630   3                  return_state = 1;
  631   3                  //break;
  632   3              }
  633   2              imu660ra_write_register(IMU660RA_PWR_CTRL, 0x0E);                       // å¼€å¯æ€§èƒ½æ¨¡å¼  ä½
             -¿èƒ½é™€èºä»ªã€åŠ é€Ÿåº¦ã€æ¸©åº¦ä¼ æ„Ÿå™¨
  634   2              imu660ra_write_register(IMU660RA_ACC_CONF, 0xA7);                       // åŠ é€Ÿåº¦é‡‡é›†é…ç½® 
             -æ€§èƒ½æ¨¡å¼ æ­£å¸¸é‡‡é›† 50Hz  é‡‡æ ·é¢‘ç‡
  635   2              imu660ra_write_register(IMU660RA_GYR_CONF, 0xA9);                       // é™€èºä»ªé‡‡é›†é…ç½® 
             -æ€§èƒ½æ¨¡å¼ æ­£å¸¸é‡‡é›† 200Hz é‡‡æ ·é¢‘ç‡
  636   2          
  637   2              imu660ra_write_register(IMU660RA_ACC_RANGE, IMU660RA_ACC_SAMPLE);       // åŠ é€Ÿåº¦é‡ç¨‹é…ç½® 
             -é…ç½®é‡ç¨‹ä¸º:Â±8g
  638   2          // IMU660RA_ACC_SAMPLE å¯„å­˜å™¨
  639   2              // è®¾ç½®ä¸º:0x00 é™€èºä»ªé‡ç¨‹ä¸º:Â±2000dps     è·å–åˆ°çš„é™€èºä»ªæ•°æ® é™¤ä»¥ 16.4       
             -å¯ä»¥è½¬åŒ–ä¸ºå¸¦ç‰©ç†å•ä½çš„æ•°æ® å•ä½ä¸ºï¼šÂ°/s
  640   2              // è®¾ç½®ä¸º:0x01 é™€èºä»ªé‡ç¨‹ä¸º:Â±1000dps     è·å–åˆ°çš„é™€èºä»ªæ•°æ® é™¤ä»¥ 32.8       
             -å¯ä»¥è½¬åŒ–ä¸ºå¸¦ç‰©ç†å•ä½çš„æ•°æ® å•ä½ä¸ºï¼šÂ°/s
C251 COMPILER V5.60.0,  SEEKFREE_IMU660RA                                                  15/07/24  23:30:46  PAGE 12  

  641   2              // è®¾ç½®ä¸º:0x02 é™€èºä»ªé‡ç¨‹ä¸º:Â±500 dps     è·å–åˆ°çš„é™€èºä»ªæ•°æ® é™¤ä»¥ 65.6       
             -å¯ä»¥è½¬åŒ–ä¸ºå¸¦ç‰©ç†å•ä½çš„æ•°æ® å•ä½ä¸ºï¼šÂ°/s
  642   2              // è®¾ç½®ä¸º:0x03 é™€èºä»ªé‡ç¨‹ä¸º:Â±250 dps     è·å–åˆ°çš„é™€èºä»ªæ•°æ® é™¤ä»¥ 131.2      
             -å¯ä»¥è½¬åŒ–ä¸ºå¸¦ç‰©ç†å•ä½çš„æ•°æ® å•ä½ä¸ºï¼šÂ°/s
  643   2              // è®¾ç½®ä¸º:0x04 é™€èºä»ªé‡ç¨‹ä¸º:Â±125 dps     è·å–åˆ°çš„é™€èºä»ªæ•°æ® é™¤ä»¥ 262.4      
             -å¯ä»¥è½¬åŒ–ä¸ºå¸¦ç‰©ç†å•ä½çš„æ•°æ® å•ä½ä¸ºï¼šÂ°/s
  644   2          
  645   2              imu660ra_write_register(IMU660RA_GYR_RANGE, IMU660RA_GYR_SAMPLE);       // é™€èºä»ªé‡ç¨‹é…ç½® 
             -é…ç½®é‡ç¨‹ä¸º:Â±2000dps
  646   2              // IMU660RA_GYR_RANGE å¯„å­˜å™¨
  647   2              // è®¾ç½®ä¸º:0x00 åŠ é€Ÿåº¦è®¡é‡ç¨‹ä¸º:Â±2g         è·å–åˆ°çš„åŠ é€Ÿåº¦è®¡æ•°æ® é™¤ä»¥ 16384 
             -  å¯ä»¥è½¬åŒ–ä¸ºå¸¦ç‰©ç†å•ä½çš„æ•°æ® å•ä½ï¼šg(m/s^2)
  648   2              // è®¾ç½®ä¸º:0x01 åŠ é€Ÿåº¦è®¡é‡ç¨‹ä¸º:Â±4g         è·å–åˆ°çš„åŠ é€Ÿåº¦è®¡æ•°æ® é™¤ä»¥ 8192  
             -  å¯ä»¥è½¬åŒ–ä¸ºå¸¦ç‰©ç†å•ä½çš„æ•°æ® å•ä½ï¼šg(m/s^2)
  649   2              // è®¾ç½®ä¸º:0x02 åŠ é€Ÿåº¦è®¡é‡ç¨‹ä¸º:Â±8g         è·å–åˆ°çš„åŠ é€Ÿåº¦è®¡æ•°æ® é™¤ä»¥ 4096  
             -  å¯ä»¥è½¬åŒ–ä¸ºå¸¦ç‰©ç†å•ä½çš„æ•°æ® å•ä½ï¼šg(m/s^2)
  650   2              // è®¾ç½®ä¸º:0x03 åŠ é€Ÿåº¦è®¡é‡ç¨‹ä¸º:Â±16g        è·å–åˆ°çš„åŠ é€Ÿåº¦è®¡æ•°æ® é™¤ä»¥ 2048  
             -  å¯ä»¥è½¬åŒ–ä¸ºå¸¦ç‰©ç†å•ä½çš„æ•°æ® å•ä½ï¼šg(m/s^2)
  651   2          
  652   2      
  653   2        
  654   2        }while(0);
  655   1        
  656   1      
  657   1        
  658   1          return return_state;
  659   1      }
  660          
  661          
  662          


Module Information          Static   Overlayable
------------------------------------------------
  code size            =      1082     ------
  ecode size           =    ------     ------
  data size            =    ------     ------
  idata size           =    ------     ------
  pdata size           =    ------     ------
  xdata size           =    ------     ------
  xdata-const size     =    ------     ------
  edata size           =        88     ------
  bit size             =    ------     ------
  ebit size            =    ------     ------
  bitaddressable size  =    ------     ------
  ebitaddressable size =    ------     ------
  far data size        =    ------     ------
  huge data size       =    ------     ------
  const size           =    ------     ------
  hconst size          =        88     ------
End of Module Information.


C251 COMPILATION COMPLETE.  0 WARNING(S),  0 ERROR(S)
