C251 COMPILER V5.60.0,  main                                                               15/07/24  23:31:17  PAGE 1   


C251 COMPILER V5.60.0, COMPILATION OF MODULE main
OBJECT MODULE PLACED IN .\Out_File\main.obj
COMPILER INVOKED BY: D:\c51-keil\C251\BIN\C251.EXE ..\USER\src\main.c XSMALL WARNINGLEVEL(3) OPTIMIZE(0,SPEED) BROWSE IN
                    -CDIR(..\..\Libraries\libraries;..\..\Libraries\seekfree_libraries;..\..\Libraries\seekfree_peripheral;..\CODE;..\USER\in
                    -c;..\USER\src;..\..\Libraries\seekfree_components;.\Out_File) DEBUG PRINT(.\Out_File\main.lst) TABS(2) OBJECT(.\Out_File
                    -\main.obj) 

stmt  level    source

    1          /********************************************************************************************************
             -*************
    2           * COPYRIGHT NOTICE
    3           * Copyright (c) 2020,逐飞科技
    4           * All rights reserved.
    5           * 技术讨论QQ群：一群：179029047(已满)  二群：244861897(已满)  三群：824575535
    6           *
    7           * 以下所有内容版权均属逐飞科技所有，未经允许不得用于商业用途，
    8           * 欢迎各位使用并传播本程序，修改内容时必须保留逐飞科技的版权声明。
    9           *
   10           * @file          main
   11           * @company       成都逐飞科技有限公司
   12           * @author        逐飞科技(QQ790875685)
   13           * @version       查看doc内version文件 版本说明
   14           * @Software    MDK FOR C251 V5.60
   15           * @Target core   STC32
   16           * @Taobao      https://seekfree.taobao.com/
   17           * @date          2023-07-27
   18          
   19           ********************************************************************************************************
             -************/
   20          #include "headfile.h"
   21          
   22          // 关于内核频率的设定，可以查看board.h文件
   23          // 在board_init中,已经将P54引脚设置为复位
   24          // 如果需要使用P54引脚,可以在board.c文件中的board_init()函数中删除SET_P54_RESRT即可
   25          
   26          //char page_buf[60];
   27          
   28          
   29          int OLED_Open = 1;
   30          
   31          void main()
   32          {
   33   1        DisableGlobalIRQ();           //关闭EA
   34   1        clock_init(SYSTEM_CLOCK_52M); // 初始化系统频率,勿删除此句代码。
   35   1        board_init();         // 初始化寄存器,勿删除此句代码。
   36   1      
   37   1          // 此处编写用户代码 例如外设初始化代码等
   38   1        car_pre_init();         //智能车外设初始化
   39   1        
   40   1        pit_timer_ms(TIM_1,5);        // 使用TIMER作为周期中断，时间5ms一次
   41   1                                  // pit周期中断只支持0-10ms
   42   1          // 此处编写用户代码 例如外设初始化代码等
   43   1      
   44   1        EnableGlobalIRQ();    //开启总中断
   45   1      
   46   1        
   47   1        
   48   1          while(1)
   49   1          {
   50   2            
   51   2      //    // 此处编写需要循环执行的代码
   52   2      
   53   2            
   54   2            key();
C251 COMPILER V5.60.0,  main                                                               15/07/24  23:31:17  PAGE 2   

   55   2            
   56   2            IPS();
   57   2      //      printf("%lf,%lf\n",l_speed,l_target_speed);
   58   2            
   59   2      //          printf("acc.z=%d\r\n",  imu660ra_acc_z);
   60   2          //在1.14IPS屏幕上显示，需要初始化1.14寸ips屏幕，才能使用。
   61   2      
   62   2      
   63   2          }
   64   1      }
   65          
   66          


Module Information          Static   Overlayable
------------------------------------------------
  code size            =        43     ------
  ecode size           =    ------     ------
  data size            =    ------     ------
  idata size           =    ------     ------
  pdata size           =    ------     ------
  xdata size           =    ------     ------
  xdata-const size     =    ------     ------
  edata size           =         2     ------
  bit size             =    ------     ------
  ebit size            =    ------     ------
  bitaddressable size  =    ------     ------
  ebitaddressable size =    ------     ------
  far data size        =    ------     ------
  huge data size       =    ------     ------
  const size           =    ------     ------
  hconst size          =         6     ------
End of Module Information.


C251 COMPILATION COMPLETE.  0 WARNING(S),  0 ERROR(S)
