C251 COMPILER V5.60.0,  zf_delay                                                           15/07/24  23:31:47  PAGE 1   


C251 COMPILER V5.60.0, COMPILATION OF MODULE zf_delay
OBJECT MODULE PLACED IN .\Out_File\zf_delay.obj
COMPILER INVOKED BY: D:\c51-keil\C251\BIN\C251.EXE ..\..\Libraries\seekfree_libraries\zf_delay.c XSMALL WARNINGLEVEL(3) 
                    -OPTIMIZE(0,SPEED) BROWSE INCDIR(..\..\Libraries\libraries;..\..\Libraries\seekfree_libraries;..\..\Libraries\seekfree_pe
                    -ripheral;..\CODE;..\USER\inc;..\USER\src;..\..\Libraries\seekfree_components;.\Out_File) DEBUG PRINT(.\Out_File\zf_delay
                    -.lst) TABS(2) OBJECT(.\Out_File\zf_delay.obj) 

stmt  level    source

    1          /********************************************************************************************************
             -*************
    2           * COPYRIGHT NOTICE
    3           * Copyright (c) 2020,逐飞科技
    4           * All rights reserved.
    5           * 技术讨论QQ群：一群：179029047(已满)  二群：244861897(已满)  三群：824575535
    6           *
    7           * 以下所有内容版权均属逐飞科技所有，未经允许不得用于商业用途，
    8           * 欢迎各位使用并传播本程序，修改内容时必须保留逐飞科技的版权声明。
    9           *
   10           * @file          delay
   11           * @company       成都逐飞科技有限公司
   12           * @author        逐飞科技(QQ790875685)
   13           * @version       查看doc内version文件 版本说明
   14           * @Software    MDK FOR C251 V5.60
   15           * @Target core   STC32F12K
   16           * @Taobao      https://seekfree.taobao.com/
   17           * @date          2020-4-14
   18           ********************************************************************************************************
             -************/
   19          
   20          
   21          #include "zf_delay.h"
   22          #include "board.h"
   23          #include "intrins.h"
   24          
   25          vuint16 zf_delay_ms = 0;
   26          vuint16 zf_delay_us = 0;
   27          
   28          //-------------------------------------------------------------------------------------------------------
             -------------
   29          //  @brief      软件延时函数初始化
   30          //  @param      NULL         
   31          //  @return     void
   32          //  Sample usage:               无需用户调用，用户请使用h文件中的宏定义
   33          //-------------------------------------------------------------------------------------------------------
             -------------
   34          void delay_init(void)
   35          {
   36   1        zf_delay_ms = sys_clk / 15000;
   37   1        zf_delay_us = sys_clk / 17500000;
   38   1      }
   39          
   40          //-------------------------------------------------------------------------------------------------------
             -------------
   41          //  @brief      软件延时函数(这是一个不准确的延时)
   42          //  @param      x             需要延时的时间（ms）
   43          //  @return     void
   44          //  Sample usage:               无需用户调用，用户请使用h文件中的宏定义
   45          //-------------------------------------------------------------------------------------------------------
             -------------
   46          void delay_ms(uint16 ms)
   47          {
   48   1        vuint16 i;
   49   1        do {
   50   2            i = zf_delay_ms;
C251 COMPILER V5.60.0,  zf_delay                                                           15/07/24  23:31:47  PAGE 2   

   51   2            while(--i);
   52   2           }while(--ms);
   53   1      }
   54          
   55          //-------------------------------------------------------------------------------------------------------
             -------------
   56          //  @brief      软件延时函数(这是一个不准确的延时)
   57          //  @param      x             需要延时的时间（us）
   58          //  @return     void
   59          //  Sample usage:               无需用户调用，用户请使用h文件中的宏定义
   60          //-------------------------------------------------------------------------------------------------------
             -------------
   61          void delay_us(uint32 us)
   62          {
   63   1        uint16 i;
   64   1        do {
   65   2            i = zf_delay_us;
   66   2            while(--i);
   67   2           }while(--us);
   68   1      }


Module Information          Static   Overlayable
------------------------------------------------
  code size            =       139     ------
  ecode size           =    ------     ------
  data size            =    ------     ------
  idata size           =    ------     ------
  pdata size           =    ------     ------
  xdata size           =    ------     ------
  xdata-const size     =    ------     ------
  edata size           =        14     ------
  bit size             =    ------     ------
  ebit size            =    ------     ------
  bitaddressable size  =    ------     ------
  ebitaddressable size =    ------     ------
  far data size        =    ------     ------
  huge data size       =    ------     ------
  const size           =    ------     ------
  hconst size          =        12     ------
End of Module Information.


C251 COMPILATION COMPLETE.  0 WARNING(S),  0 ERROR(S)
