C251 COMPILER V5.60.0,  main                                                               23/11/24  14:48:07  PAGE 1   


C251 COMPILER V5.60.0, COMPILATION OF MODULE main
OBJECT MODULE PLACED IN .\Out_File\main.obj
COMPILER INVOKED BY: C:\Keil_v5\C251\BIN\C251.EXE ..\USER\src\main.c XSMALL WARNINGLEVEL(3) OPTIMIZE(0,SPEED) BROWSE INC
                    -DIR(..\..\Libraries\libraries;..\..\Libraries\seekfree_libraries;..\..\Libraries\seekfree_peripheral;..\CODE;..\USER\inc
                    -;..\USER\src;..\..\Libraries\seekfree_components) DEBUG PRINT(.\Out_File\main.lst) TABS(2) OBJECT(.\Out_File\main.obj) 

stmt  level    source

    1          /********************************************************************************************************
             -*************
    2           * COPYRIGHT NOTICE
    3           * Copyright (c) 2020,逐飞科技
    4           * All rights reserved.
    5           * 技术讨论QQ群：一群：179029047(已满)  二群：244861897(已满)  三群：824575535
    6           *
    7           * 以下所有内容版权均属逐飞科技所有，未经允许不得用于商业用途，
    8           * 欢迎各位使用并传播本程序，修改内容时必须保留逐飞科技的版权声明。
    9           *
   10           * @file          main
   11           * @company       成都逐飞科技有限公司
   12           * @author        逐飞科技(QQ790875685)
   13           * @version       查看doc内version文件 版本说明
   14           * @Software    MDK FOR C251 V5.60
   15           * @Target core   STC32G12K128
   16           * @Taobao      https://seekfree.taobao.com/
   17           * @date          2020-12-18
   18           ********************************************************************************************************
             -************/
   19          
   20          #include "headfile.h"
   21          
   22          
   23          /*
   24           * 系统频率，可查看board.h中的 FOSC 宏定义修改。
   25           * board.h文件中FOSC的值设置为0,则程序自动设置系统频率为33.1776MHZ
   26           * 在board_init中,已经将P54引脚设置为复位
   27           * 如果需要使用P54引脚,可以在board.c文件中的board_init()函数中删除SET_P54_RESRT即可
   28           */
   29          
   30          char r_speed=0.0,l_speed=0.0;
   31          char page_buf[60];
   32          char circle_L=0;
   33          int time_counter = 0; //屏幕刷新
   34          int ips_counter = 0; //屏幕清屏
   35          int IPS_test=10;
   36          
   37          void IPS(void);
   38          
   39          void IPS(void)
   40          {
   41   1        time_counter++;
   42   1        ips_counter++;
   43   1        
   44   1        if(time_counter > 5)//25ms刷新一次屏幕
   45   1        {   
   46   2          time_counter = 0;
   47   2          ips114_showint16(0,0,IPS_test);
   48   2          sprintf(page_buf,"L:%d ",r_speed);            
   49   2          if(ips_counter > 180)//刷新一次屏幕
   50   2          {
   51   3            ips_counter = 0;
   52   3            ips114_clear(WHITE);  
   53   3          }
   54   2        }
   55   1      
C251 COMPILER V5.60.0,  main                                                               23/11/24  14:48:07  PAGE 2   

   56   1      }
   57          
   58          void main()
   59          {
   60   1        board_init();     // 初始化寄存器,勿删除此句代码。
   61   1          lcd_init(); 
   62   1          lcd_clear(WHITE); 
   63   1        
   64   1      //  ips114_init();
   65   1      //  ips114_clear(WHITE);
   66   1      
   67   1        while(1)
   68   1        {
   69   2          
   70   2              lcd_showstr(0, 180, "RAMP_NONE ");
   71   2      
   72   2      //    ips114_showstr(2,33,"seekfree");
   73   2          
   74   2      //    sprintf(page_buf,"L:%d ",r_speed);            
   75   2      //    ips114_showstr(0,0,page_buf);
   76   2      
   77   2          delay_ms(500);
   78   2          P52 = !P52;
   79   2          
   80   2      
   81   2          
   82   2          }
   83   1      }
   84          


Module Information          Static   Overlayable
------------------------------------------------
  code size            =       157     ------
  ecode size           =    ------     ------
  data size            =    ------     ------
  idata size           =    ------     ------
  pdata size           =    ------     ------
  xdata size           =    ------     ------
  xdata-const size     =    ------     ------
  edata size           =        69     ------
  bit size             =    ------     ------
  ebit size            =    ------     ------
  bitaddressable size  =    ------     ------
  ebitaddressable size =    ------     ------
  far data size        =    ------     ------
  huge data size       =    ------     ------
  const size           =    ------     ------
  hconst size          =        50     ------
End of Module Information.


C251 COMPILATION COMPLETE.  0 WARNING(S),  0 ERROR(S)
